<?xml version="1.0" encoding="UTF-8"?>
<testsuite name="plc.interpreter.InterpreterTests" tests="9" skipped="0" failures="0" errors="0" timestamp="2020-10-24T03:05:21" hostname="AKRAM" time="0.056">
  <properties/>
  <testcase name="testTerm()" classname="plc.interpreter.InterpreterTests" time="0.013"/>
  <testcase name="[1] Zero Arguments, (+ ), 0" classname="plc.interpreter.InterpreterTests" time="0.012"/>
  <testcase name="[2] Multiple Arguments, (+ 1 2 3), 6" classname="plc.interpreter.InterpreterTests" time="0.001"/>
  <testcase name="testNumber()" classname="plc.interpreter.InterpreterTests" time="0.001"/>
  <testcase name="testString()" classname="plc.interpreter.InterpreterTests" time="0.001"/>
  <testcase name="[1] Zero Arguments, (- ), null" classname="plc.interpreter.InterpreterTests" time="0.002"/>
  <testcase name="[2] Single Argument, (- 1), -1" classname="plc.interpreter.InterpreterTests" time="0.001"/>
  <testcase name="[3] Multiple Arguments, (- 1 2 3), -4" classname="plc.interpreter.InterpreterTests" time="0.001"/>
  <testcase name="testIdentifier()" classname="plc.interpreter.InterpreterTests" time="0.001"/>
  <system-out><![CDATA[]]></system-out>
  <system-err><![CDATA[]]></system-err>
</testsuite>
