<?xml version="1.0" encoding="UTF-8"?>
<testsuite name="plc.interpreter.LexerTests" tests="24" skipped="0" failures="0" errors="0" timestamp="2020-10-06T17:55:11" hostname="AKRAM" time="0.071">
  <properties/>
  <testcase name="testExample1()" classname="plc.interpreter.LexerTests" time="0.013"/>
  <testcase name="testExample2()" classname="plc.interpreter.LexerTests" time="0.001"/>
  <testcase name="testExample3()" classname="plc.interpreter.LexerTests" time="0.001"/>
  <testcase name="[1] (, true" classname="plc.interpreter.LexerTests" time="0.013"/>
  <testcase name="[2] #, true" classname="plc.interpreter.LexerTests" time="0.001"/>
  <testcase name="[3]  , false" classname="plc.interpreter.LexerTests" time="0.001"/>
  <testcase name="[4] &#9;, false" classname="plc.interpreter.LexerTests" time="0.0"/>
  <testcase name="[1] 1, true" classname="plc.interpreter.LexerTests" time="0.001"/>
  <testcase name="[2] -1.0, true" classname="plc.interpreter.LexerTests" time="0.001"/>
  <testcase name="[3] 007.000, true" classname="plc.interpreter.LexerTests" time="0.001"/>
  <testcase name="[4] 1., false" classname="plc.interpreter.LexerTests" time="0.001"/>
  <testcase name="[5] .5, false" classname="plc.interpreter.LexerTests" time="0.001"/>
  <testcase name="[6] 0..5, false" classname="plc.interpreter.LexerTests" time="0.001"/>
  <testcase name="[7] 1. , false" classname="plc.interpreter.LexerTests" time="0.001"/>
  <testcase name="[1] &quot;&quot;, true" classname="plc.interpreter.LexerTests" time="0.001"/>
  <testcase name="[2] &quot;abc&quot;, true" classname="plc.interpreter.LexerTests" time="0.001"/>
  <testcase name="[3] &quot;Hello,\nWorld&quot;, true" classname="plc.interpreter.LexerTests" time="0.001"/>
  <testcase name="[4] &quot;unterminated, false" classname="plc.interpreter.LexerTests" time="0.001"/>
  <testcase name="[5] &quot;invalid\escape&quot;, false" classname="plc.interpreter.LexerTests" time="0.001"/>
  <testcase name="[1] getName, true" classname="plc.interpreter.LexerTests" time="0.0"/>
  <testcase name="[2] is-empty?, true" classname="plc.interpreter.LexerTests" time="0.0"/>
  <testcase name="[3] &lt;=&gt;, true" classname="plc.interpreter.LexerTests" time="0.001"/>
  <testcase name="[4] 42=life, false" classname="plc.interpreter.LexerTests" time="0.001"/>
  <testcase name="[5] why,are,there,commas,, false" classname="plc.interpreter.LexerTests" time="0.001"/>
  <system-out><![CDATA[]]></system-out>
  <system-err><![CDATA[]]></system-err>
</testsuite>
