<?xml version="1.0" encoding="UTF-8"?>
<testsuite name="plc.interpreter.ParserTests" tests="1" skipped="0" failures="0" errors="0" timestamp="2020-10-06T20:39:25" hostname="AKRAM" time="0.028">
  <properties/>
  <testcase name="[1] Escape, (print &quot;new\nline&quot;), [(print &quot;new&#10;line&quot;)]" classname="plc.interpreter.ParserTests" time="0.028"/>
  <system-out><![CDATA[Operator
String
]]></system-out>
  <system-err><![CDATA[]]></system-err>
</testsuite>
