<?xml version="1.0" encoding="UTF-8"?>
<testsuite name="plc.interpreter.RegexTests" tests="28" skipped="0" failures="0" errors="0" timestamp="2020-09-15T23:09:30" hostname="DESKTOP-EL2G3TJ" time="0.05">
  <properties/>
  <testcase name="[1] Java File, Regex.tar.java, true" classname="plc.interpreter.RegexTests" time="0.02"/>
  <testcase name="[2] Java Class, RegexTests.class, true" classname="plc.interpreter.RegexTests" time="0.001"/>
  <testcase name="[3] Directory, directory, false" classname="plc.interpreter.RegexTests" time="0.001"/>
  <testcase name="[4] Python File, scrippy.py, false" classname="plc.interpreter.RegexTests" time="0.0"/>
  <testcase name="[1] 14 Characters, thishas14chars, true" classname="plc.interpreter.RegexTests" time="0.001"/>
  <testcase name="[2] 10 Characters, i&lt;3pancakes!, true" classname="plc.interpreter.RegexTests" time="0.0"/>
  <testcase name="[3] 6 Characters, 6chars, false" classname="plc.interpreter.RegexTests" time="0.001"/>
  <testcase name="[4] 15 Characters, i&lt;3pancakes!!, false" classname="plc.interpreter.RegexTests" time="0.001"/>
  <testcase name="[1] Empty List, [], true" classname="plc.interpreter.RegexTests" time="0.0"/>
  <testcase name="[2] Single Element, [1], true" classname="plc.interpreter.RegexTests" time="0.0"/>
  <testcase name="[3] Multiple Elements, [1,2,3], true" classname="plc.interpreter.RegexTests" time="0.0"/>
  <testcase name="[4] Missing Brackets, 1,2,3, false" classname="plc.interpreter.RegexTests" time="0.0"/>
  <testcase name="[5] Missing Commas, [1 2 3], false" classname="plc.interpreter.RegexTests" time="0.001"/>
  <testcase name="[6] Trailing Comma, [1,2,3,], false" classname="plc.interpreter.RegexTests" time="0.001"/>
  <testcase name="[1] Alphanumeric, thelegend27@gmail.com, true" classname="plc.interpreter.RegexTests" time="0.0"/>
  <testcase name="[2] UF Domain, otherdomain@ufl.edu, true" classname="plc.interpreter.RegexTests" time="0.0"/>
  <testcase name="[3] Missing Domain Dot, missingdot@gmailcom, false" classname="plc.interpreter.RegexTests" time="0.0"/>
  <testcase name="[4] Symbols, symbols#$%@gmail.com, false" classname="plc.interpreter.RegexTests" time="0.0"/>
  <testcase name="[5] Dot before @, dot.before@gmail.com, true" classname="plc.interpreter.RegexTests" time="0.001"/>
  <testcase name="[6] Yahoo Domain, yahoodomain@yahoo.com, true" classname="plc.interpreter.RegexTests" time="0.0"/>
  <testcase name="[7] Dash before @, dash-before@gmail.com, true" classname="plc.interpreter.RegexTests" time="0.0"/>
  <testcase name="[8] Two Dots before @, two.dots.before@yahoo.com, true" classname="plc.interpreter.RegexTests" time="0.0"/>
  <testcase name="[9] Number as domain, numberdomain@1.com, true" classname="plc.interpreter.RegexTests" time="0.001"/>
  <testcase name="[10] Two Dots after @, twodots@after.com.com, false" classname="plc.interpreter.RegexTests" time="0.001"/>
  <testcase name="[11] One letter after domain, oneletter@gmail.c, false" classname="plc.interpreter.RegexTests" time="0.0"/>
  <testcase name="[12] Parentheses, parentheses()@yahoo.com, false" classname="plc.interpreter.RegexTests" time="0.0"/>
  <testcase name="[13] Missing @ sign, missingatsigngmail.com, false" classname="plc.interpreter.RegexTests" time="0.0"/>
  <testcase name="[14] Symbols as domain, symbolsdomain@#$%.com, false" classname="plc.interpreter.RegexTests" time="0.0"/>
  <system-out><![CDATA[]]></system-out>
  <system-err><![CDATA[]]></system-err>
</testsuite>
